<?xml version="1.0" encoding="UTF-8"?>
<!-- Generated by org.testng.reporters.JUnitReportReporter -->
<testsuite hostname="DESKTOP-7DBVP2N" failures="0" tests="2" name="com.NewTourAssignment2019.Test.NTLoginTest" time="30.048" errors="0" timestamp="8 Jun 2019 10:32:27 GMT">
  <testcase classname="com.NewTourAssignment2019.Test.NTLoginTest" name="LoginWithInValidData" time="14.912"/>
  <testcase classname="com.NewTourAssignment2019.Test.NTLoginTest" name="LoginWithValidData" time="15.136"/>
</testsuite> <!-- com.NewTourAssignment2019.Test.NTLoginTest -->
