<?xml version="1.0" encoding="UTF-8"?>
<!-- Generated by org.testng.reporters.JUnitReportReporter -->
<testsuite hostname="DESKTOP-7DBVP2N" failures="0" tests="2" name="com.NewTourAssignment2019.Test.NTRegistrationTest" time="35.658" errors="0" timestamp="8 Jun 2019 10:32:27 GMT">
  <testcase classname="com.NewTourAssignment2019.Test.NTRegistrationTest" name="registerWithInValidData" time="17.886"/>
  <testcase classname="com.NewTourAssignment2019.Test.NTRegistrationTest" name="registerWithValidData" time="17.772"/>
</testsuite> <!-- com.NewTourAssignment2019.Test.NTRegistrationTest -->
